# JRE version: OpenJDK Runtime Environment Temurin-21.0.10+7 (21.0.10+7) (build 21.0.10+7-LTS)
# Java VM: OpenJDK 64-Bit Server VM Temurin-21.0.10+7 (21.0.10+7-LTS, mixed mode, sharing, tiered, compressed oops, compressed class ptrs, parallel gc, windows-amd64)
GC Precious Log:
 CardTable entry size: 512
 CPUs: 4 total, 4 available
 Memory: 12188M
 Large Page Support: Disabled
 NUMA Support: Disabled
 Compressed Oops: Enabled (32-bit)
 Alignments: Space 512K, Generation 512K, Heap 2M
 Heap Min Capacity: 100M
 Heap Initial Capacity: 100M
 Heap Max Capacity: 2G
 Pre-touch: Disabled
 Parallel Workers: 4
Heap:
 PSYoungGen      total 3584K, used 3344K [0x00000000d5580000, 0x00000000d5a00000, 0x0000000100000000)
  eden space 3072K, 100% used [0x00000000d5580000,0x00000000d5880000,0x00000000d5880000)
  from space 512K, 53% used [0x00000000d5900000,0x00000000d5944010,0x00000000d5980000)
  to   space 512K, 0% used [0x00000000d5980000,0x00000000d5980000,0x00000000d5a00000)
 ParOldGen       total 409600K, used 181908K [0x0000000080000000, 0x0000000099000000, 0x00000000d5580000)
  object space 409600K, 44% used [0x0000000080000000,0x000000008b1a5000,0x0000000099000000)
 Metaspace       used 59901K, committed 61376K, reserved 1114112K
  class space    used 6432K, committed 7040K, reserved 1048576K
GC Heap History (20 events):
Event: 15.043 GC heap before
{Heap before GC invocations=309 (full 2):
 PSYoungGen      total 4608K, used 4166K [0x00000000d5580000, 0x00000000d5c00000, 0x0000000100000000)
  eden space 3072K, 99% used [0x00000000d5580000,0x00000000d5878fc8,0x00000000d5880000)
  from space 1536K, 73% used [0x00000000d5a80000,0x00000000d5b988e0,0x00000000d5c00000)
  to   space 1536K, 0% used [0x00000000d5900000,0x00000000d5900000,0x00000000d5a80000)
 ParOldGen       total 406016K, used 405949K [0x0000000080000000, 0x0000000098c80000, 0x00000000d5580000)
  object space 406016K, 99% used [0x0000000080000000,0x0000000098c6f498,0x0000000098c80000)
 Metaspace       used 57438K, committed 58816K, reserved 1114112K
  class space    used 6186K, committed 6784K, reserved 1048576K
}
Event: 15.045 GC heap after
{Heap after GC invocations=309 (full 2):
 PSYoungGen      total 3584K, used 288K [0x00000000d5580000, 0x00000000d5b00000, 0x0000000100000000)
  eden space 3072K, 0% used [0x00000000d5580000,0x00000000d5580000,0x00000000d5880000)
  from space 512K, 56% used [0x00000000d5900000,0x00000000d5948040,0x00000000d5980000)
  to   space 1024K, 0% used [0x00000000d5a00000,0x00000000d5a00000,0x00000000d5b00000)
 ParOldGen       total 407040K, used 406933K [0x0000000080000000, 0x0000000098d80000, 0x00000000d5580000)
  object space 407040K, 99% used [0x0000000080000000,0x0000000098d65438,0x0000000098d80000)
 Metaspace       used 57438K, committed 58816K, reserved 1114112K
  class space    used 6186K, committed 6784K, reserved 1048576K
}
Event: 15.107 GC heap before
{Heap before GC invocations=310 (full 2):
 PSYoungGen      total 3584K, used 3360K [0x00000000d5580000, 0x00000000d5b00000, 0x0000000100000000)
  eden space 3072K, 100% used [0x00000000d5580000,0x00000000d5880000,0x00000000d5880000)
  from space 512K, 56% used [0x00000000d5900000,0x00000000d5948040,0x00000000d5980000)
  to   space 1024K, 0% used [0x00000000d5a00000,0x00000000d5a00000,0x00000000d5b00000)
 ParOldGen       total 407040K, used 406933K [0x0000000080000000, 0x0000000098d80000, 0x00000000d5580000)
  object space 407040K, 99% used [0x0000000080000000,0x0000000098d65438,0x0000000098d80000)
 Metaspace       used 57731K, committed 59072K, reserved 1114112K
  class space    used 6217K, committed 6784K, reserved 1048576K
}
Event: 15.108 GC heap after
{Heap after GC invocations=310 (full 2):
 PSYoungGen      total 3584K, used 278K [0x00000000d5580000, 0x00000000d5a80000, 0x0000000100000000)
  eden space 3072K, 0% used [0x00000000d5580000,0x00000000d5580000,0x00000000d5880000)
  from space 512K, 54% used [0x00000000d5a00000,0x00000000d5a458d0,0x00000000d5a80000)
  to   space 512K, 0% used [0x00000000d5900000,0x00000000d5900000,0x00000000d5980000)
 ParOldGen       total 407552K, used 407093K [0x0000000080000000, 0x0000000098e00000, 0x00000000d5580000)
  object space 407552K, 99% used [0x0000000080000000,0x0000000098d8d478,0x0000000098e00000)
 Metaspace       used 57731K, committed 59072K, reserved 1114112K
  class space    used 6217K, committed 6784K, reserved 1048576K
}
Event: 15.140 GC heap before
{Heap before GC invocations=311 (full 2):
 PSYoungGen      total 3584K, used 3348K [0x00000000d5580000, 0x00000000d5a80000, 0x0000000100000000)
  eden space 3072K, 99% used [0x00000000d5580000,0x00000000d587fa90,0x00000000d5880000)
  from space 512K, 54% used [0x00000000d5a00000,0x00000000d5a458d0,0x00000000d5a80000)
  to   space 512K, 0% used [0x00000000d5900000,0x00000000d5900000,0x00000000d5980000)
 ParOldGen       total 407552K, used 407093K [0x0000000080000000, 0x0000000098e00000, 0x00000000d5580000)
  object space 407552K, 99% used [0x0000000080000000,0x0000000098d8d478,0x0000000098e00000)
 Metaspace       used 57877K, committed 59264K, reserved 1114112K
  class space    used 6242K, committed 6848K, reserved 1048576K
}
Event: 15.142 GC heap after
{Heap after GC invocations=311 (full 2):
 PSYoungGen      total 3584K, used 512K [0x00000000d5580000, 0x00000000d5a80000, 0x0000000100000000)
  eden space 3072K, 0% used [0x00000000d5580000,0x00000000d5580000,0x00000000d5880000)
  from space 512K, 100% used [0x00000000d5900000,0x00000000d5980000,0x00000000d5980000)
  to   space 1024K, 0% used [0x00000000d5980000,0x00000000d5980000,0x00000000d5a80000)
 ParOldGen       total 407552K, used 407230K [0x0000000080000000, 0x0000000098e00000, 0x00000000d5580000)
  object space 407552K, 99% used [0x0000000080000000,0x0000000098dafb88,0x0000000098e00000)
 Metaspace       used 57877K, committed 59264K, reserved 1114112K
  class space    used 6242K, committed 6848K, reserved 1048576K
}
Event: 15.192 GC heap before
{Heap before GC invocations=312 (full 2):
 PSYoungGen      total 3584K, used 3584K [0x00000000d5580000, 0x00000000d5a80000, 0x0000000100000000)
  eden space 3072K, 100% used [0x00000000d5580000,0x00000000d5880000,0x00000000d5880000)
  from space 512K, 100% used [0x00000000d5900000,0x00000000d5980000,0x00000000d5980000)
  to   space 1024K, 0% used [0x00000000d5980000,0x00000000d5980000,0x00000000d5a80000)
 ParOldGen       total 407552K, used 407230K [0x0000000080000000, 0x0000000098e00000, 0x00000000d5580000)
  object space 407552K, 99% used [0x0000000080000000,0x0000000098dafb88,0x0000000098e00000)
 Metaspace       used 58026K, committed 59392K, reserved 1114112K
  class space    used 6252K, committed 6848K, reserved 1048576K
}
Event: 15.195 GC heap after
{Heap after GC invocations=312 (full 2):
 PSYoungGen      total 4096K, used 896K [0x00000000d5580000, 0x00000000d5a80000, 0x0000000100000000)
  eden space 3072K, 0% used [0x00000000d5580000,0x00000000d5580000,0x00000000d5880000)
  from space 1024K, 87% used [0x00000000d5980000,0x00000000d5a60000,0x00000000d5a80000)
  to   space 1024K, 0% used [0x00000000d5880000,0x00000000d5880000,0x00000000d5980000)
 ParOldGen       total 408064K, used 407714K [0x0000000080000000, 0x0000000098e80000, 0x00000000d5580000)
  object space 408064K, 99% used [0x0000000080000000,0x0000000098e28a68,0x0000000098e80000)
 Metaspace       used 58026K, committed 59392K, reserved 1114112K
  class space    used 6252K, committed 6848K, reserved 1048576K
}
Event: 15.244 GC heap before
{Heap before GC invocations=313 (full 2):
 PSYoungGen      total 4096K, used 3968K [0x00000000d5580000, 0x00000000d5a80000, 0x0000000100000000)
  eden space 3072K, 100% used [0x00000000d5580000,0x00000000d5880000,0x00000000d5880000)
  from space 1024K, 87% used [0x00000000d5980000,0x00000000d5a60000,0x00000000d5a80000)
  to   space 1024K, 0% used [0x00000000d5880000,0x00000000d5880000,0x00000000d5980000)
 ParOldGen       total 408064K, used 407714K [0x0000000080000000, 0x0000000098e80000, 0x00000000d5580000)
  object space 408064K, 99% used [0x0000000080000000,0x0000000098e28a68,0x0000000098e80000)
 Metaspace       used 58238K, committed 59584K, reserved 1114112K
  class space    used 6267K, committed 6848K, reserved 1048576K
}
Event: 15.246 GC heap after
{Heap after GC invocations=313 (full 2):
 PSYoungGen      total 4096K, used 736K [0x00000000d5580000, 0x00000000d5a80000, 0x0000000100000000)
  eden space 3072K, 0% used [0x00000000d5580000,0x00000000d5580000,0x00000000d5880000)
  from space 1024K, 71% used [0x00000000d5880000,0x00000000d5938000,0x00000000d5980000)
  to   space 1024K, 0% used [0x00000000d5980000,0x00000000d5980000,0x00000000d5a80000)
 ParOldGen       total 408576K, used 408508K [0x0000000080000000, 0x0000000098f00000, 0x00000000d5580000)
  object space 408576K, 99% used [0x0000000080000000,0x0000000098eef3c0,0x0000000098f00000)
 Metaspace       used 58238K, committed 59584K, reserved 1114112K
  class space    used 6267K, committed 6848K, reserved 1048576K
}
Event: 15.278 GC heap before
{Heap before GC invocations=314 (full 2):
 PSYoungGen      total 4096K, used 1994K [0x00000000d5580000, 0x00000000d5a80000, 0x0000000100000000)
  eden space 3072K, 40% used [0x00000000d5580000,0x00000000d56baae0,0x00000000d5880000)
  from space 1024K, 71% used [0x00000000d5880000,0x00000000d5938000,0x00000000d5980000)
  to   space 1024K, 0% used [0x00000000d5980000,0x00000000d5980000,0x00000000d5a80000)
 ParOldGen       total 408576K, used 408508K [0x0000000080000000, 0x0000000098f00000, 0x00000000d5580000)
  object space 408576K, 99% used [0x0000000080000000,0x0000000098eef3c0,0x0000000098f00000)
 Metaspace       used 58466K, committed 59776K, reserved 1114112K
  class space    used 6282K, committed 6848K, reserved 1048576K
}
Event: 15.281 GC heap after
{Heap after GC invocations=314 (full 2):
 PSYoungGen      total 3584K, used 192K [0x00000000d5580000, 0x00000000d5a00000, 0x0000000100000000)
  eden space 3072K, 0% used [0x00000000d5580000,0x00000000d5580000,0x00000000d5880000)
  from space 512K, 37% used [0x00000000d5980000,0x00000000d59b0000,0x00000000d5a00000)
  to   space 512K, 0% used [0x00000000d5900000,0x00000000d5900000,0x00000000d5980000)
 ParOldGen       total 409600K, used 409215K [0x0000000080000000, 0x0000000099000000, 0x00000000d5580000)
  object space 409600K, 99% used [0x0000000080000000,0x0000000098f9fe10,0x0000000099000000)
 Metaspace       used 58466K, committed 59776K, reserved 1114112K
  class space    used 6282K, committed 6848K, reserved 1048576K
}
Event: 15.281 GC heap before
{Heap before GC invocations=315 (full 3):
 PSYoungGen      total 3584K, used 192K [0x00000000d5580000, 0x00000000d5a00000, 0x0000000100000000)
  eden space 3072K, 0% used [0x00000000d5580000,0x00000000d5580000,0x00000000d5880000)
  from space 512K, 37% used [0x00000000d5980000,0x00000000d59b0000,0x00000000d5a00000)
  to   space 512K, 0% used [0x00000000d5900000,0x00000000d5900000,0x00000000d5980000)
 ParOldGen       total 409600K, used 409215K [0x0000000080000000, 0x0000000099000000, 0x00000000d5580000)
  object space 409600K, 99% used [0x0000000080000000,0x0000000098f9fe10,0x0000000099000000)
 Metaspace       used 58466K, committed 59776K, reserved 1114112K
  class space    used 6282K, committed 6848K, reserved 1048576K
}
Event: 15.412 GC heap after
{Heap after GC invocations=315 (full 3):
 PSYoungGen      total 3584K, used 0K [0x00000000d5580000, 0x00000000d5a00000, 0x0000000100000000)
  eden space 3072K, 0% used [0x00000000d5580000,0x00000000d5580000,0x00000000d5880000)
  from space 512K, 0% used [0x00000000d5980000,0x00000000d5980000,0x00000000d5a00000)
  to   space 512K, 0% used [0x00000000d5900000,0x00000000d5900000,0x00000000d5980000)
 ParOldGen       total 409600K, used 181536K [0x0000000080000000, 0x0000000099000000, 0x00000000d5580000)
  object space 409600K, 44% used [0x0000000080000000,0x000000008b148180,0x0000000099000000)
 Metaspace       used 58464K, committed 59776K, reserved 1114112K
  class space    used 6281K, committed 6848K, reserved 1048576K
}
Event: 15.447 GC heap before
{Heap before GC invocations=316 (full 3):
 PSYoungGen      total 3584K, used 3072K [0x00000000d5580000, 0x00000000d5a00000, 0x0000000100000000)
  eden space 3072K, 100% used [0x00000000d5580000,0x00000000d5880000,0x00000000d5880000)
  from space 512K, 0% used [0x00000000d5980000,0x00000000d5980000,0x00000000d5a00000)
  to   space 512K, 0% used [0x00000000d5900000,0x00000000d5900000,0x00000000d5980000)
 ParOldGen       total 409600K, used 181536K [0x0000000080000000, 0x0000000099000000, 0x00000000d5580000)
  object space 409600K, 44% used [0x0000000080000000,0x000000008b148180,0x0000000099000000)
 Metaspace       used 58800K, committed 60160K, reserved 1114112K
  class space    used 6327K, committed 6912K, reserved 1048576K
}
Event: 15.449 GC heap after
{Heap after GC invocations=316 (full 3):
 PSYoungGen      total 3584K, used 352K [0x00000000d5580000, 0x00000000d5a00000, 0x0000000100000000)
  eden space 3072K, 0% used [0x00000000d5580000,0x00000000d5580000,0x00000000d5880000)
  from space 512K, 68% used [0x00000000d5900000,0x00000000d5958000,0x00000000d5980000)
  to   space 512K, 0% used [0x00000000d5980000,0x00000000d5980000,0x00000000d5a00000)
 ParOldGen       total 409600K, used 181544K [0x0000000080000000, 0x0000000099000000, 0x00000000d5580000)
  object space 409600K, 44% used [0x0000000080000000,0x000000008b14a180,0x0000000099000000)
 Metaspace       used 58800K, committed 60160K, reserved 1114112K
  class space    used 6327K, committed 6912K, reserved 1048576K
}
Event: 15.481 GC heap before
{Heap before GC invocations=317 (full 3):
 PSYoungGen      total 3584K, used 3424K [0x00000000d5580000, 0x00000000d5a00000, 0x0000000100000000)
  eden space 3072K, 100% used [0x00000000d5580000,0x00000000d5880000,0x00000000d5880000)
  from space 512K, 68% used [0x00000000d5900000,0x00000000d5958000,0x00000000d5980000)
  to   space 512K, 0% used [0x00000000d5980000,0x00000000d5980000,0x00000000d5a00000)
 ParOldGen       total 409600K, used 181544K [0x0000000080000000, 0x0000000099000000, 0x00000000d5580000)
  object space 409600K, 44% used [0x0000000080000000,0x000000008b14a180,0x0000000099000000)
 Metaspace       used 59091K, committed 60480K, reserved 1114112K
  class space    used 6354K, committed 6976K, reserved 1048576K
}
Event: 15.482 GC heap after
{Heap after GC invocations=317 (full 3):
 PSYoungGen      total 3584K, used 416K [0x00000000d5580000, 0x00000000d5a00000, 0x0000000100000000)
  eden space 3072K, 0% used [0x00000000d5580000,0x00000000d5580000,0x00000000d5880000)
  from space 512K, 81% used [0x00000000d5980000,0x00000000d59e8220,0x00000000d5a00000)
  to   space 512K, 0% used [0x00000000d5900000,0x00000000d5900000,0x00000000d5980000)
 ParOldGen       total 409600K, used 181715K [0x0000000080000000, 0x0000000099000000, 0x00000000d5580000)
  object space 409600K, 44% used [0x0000000080000000,0x000000008b174d88,0x0000000099000000)
 Metaspace       used 59091K, committed 60480K, reserved 1114112K
  class space    used 6354K, committed 6976K, reserved 1048576K
}
Event: 15.512 GC heap before
{Heap before GC invocations=318 (full 3):
 PSYoungGen      total 3584K, used 3488K [0x00000000d5580000, 0x00000000d5a00000, 0x0000000100000000)
  eden space 3072K, 100% used [0x00000000d5580000,0x00000000d5880000,0x00000000d5880000)
  from space 512K, 81% used [0x00000000d5980000,0x00000000d59e8220,0x00000000d5a00000)
  to   space 512K, 0% used [0x00000000d5900000,0x00000000d5900000,0x00000000d5980000)
 ParOldGen       total 409600K, used 181715K [0x0000000080000000, 0x0000000099000000, 0x00000000d5580000)
  object space 409600K, 44% used [0x0000000080000000,0x000000008b174d88,0x0000000099000000)
 Metaspace       used 59515K, committed 60928K, reserved 1114112K
  class space    used 6392K, committed 6976K, reserved 1048576K
}
Event: 15.513 GC heap after
{Heap after GC invocations=318 (full 3):
 PSYoungGen      total 3584K, used 272K [0x00000000d5580000, 0x00000000d5a00000, 0x0000000100000000)
  eden space 3072K, 0% used [0x00000000d5580000,0x00000000d5580000,0x00000000d5880000)
  from space 512K, 53% used [0x00000000d5900000,0x00000000d5944010,0x00000000d5980000)
  to   space 512K, 0% used [0x00000000d5980000,0x00000000d5980000,0x00000000d5a00000)
 ParOldGen       total 409600K, used 181908K [0x0000000080000000, 0x0000000099000000, 0x00000000d5580000)
  object space 409600K, 44% used [0x0000000080000000,0x000000008b1a5000,0x0000000099000000)
 Metaspace       used 59515K, committed 60928K, reserved 1114112K
  class space    used 6392K, committed 6976K, reserved 1048576K
}

