# JRE version: OpenJDK Runtime Environment Temurin-21.0.10+7 (21.0.10+7) (build 21.0.10+7-LTS)
# Java VM: OpenJDK 64-Bit Server VM Temurin-21.0.10+7 (21.0.10+7-LTS, mixed mode, sharing, tiered, compressed oops, compressed class ptrs, parallel gc, windows-amd64)
GC Precious Log:
 CardTable entry size: 512
 CPUs: 4 total, 4 available
 Memory: 12188M
 Large Page Support: Disabled
 NUMA Support: Disabled
 Compressed Oops: Enabled (32-bit)
 Alignments: Space 512K, Generation 512K, Heap 2M
 Heap Min Capacity: 100M
 Heap Initial Capacity: 100M
 Heap Max Capacity: 2G
 Pre-touch: Disabled
 Parallel Workers: 4
Heap:
 PSYoungGen      total 3072K, used 2602K [0x00000000d5580000, 0x00000000d5b80000, 0x0000000100000000)
  eden space 2560K, 91% used [0x00000000d5580000,0x00000000d57caa00,0x00000000d5800000)
  from space 512K, 50% used [0x00000000d5a80000,0x00000000d5ac0000,0x00000000d5b00000)
  to   space 512K, 0% used [0x00000000d5b00000,0x00000000d5b00000,0x00000000d5b80000)
 ParOldGen       total 606208K, used 448087K [0x0000000080000000, 0x00000000a5000000, 0x00000000d5580000)
  object space 606208K, 73% used [0x0000000080000000,0x000000009b595f90,0x00000000a5000000)
 Metaspace       used 84592K, committed 86400K, reserved 1179648K
  class space    used 8760K, committed 9600K, reserved 1048576K
GC Heap History (20 events):
Event: 398.081 GC heap before
{Heap before GC invocations=1054 (full 4):
 PSYoungGen      total 3072K, used 2831K [0x00000000d5580000, 0x00000000d5a00000, 0x0000000100000000)
  eden space 2560K, 99% used [0x00000000d5580000,0x00000000d57fffd8,0x00000000d5800000)
  from space 512K, 53% used [0x00000000d5900000,0x00000000d5944010,0x00000000d5980000)
  to   space 512K, 0% used [0x00000000d5980000,0x00000000d5980000,0x00000000d5a00000)
 ParOldGen       total 606208K, used 442559K [0x0000000080000000, 0x00000000a5000000, 0x00000000d5580000)
  object space 606208K, 73% used [0x0000000080000000,0x000000009b02fee0,0x00000000a5000000)
 Metaspace       used 84499K, committed 86272K, reserved 1179648K
  class space    used 8760K, committed 9600K, reserved 1048576K
}
Event: 398.083 GC heap after
{Heap after GC invocations=1054 (full 4):
 PSYoungGen      total 3072K, used 486K [0x00000000d5580000, 0x00000000d5a00000, 0x0000000100000000)
  eden space 2560K, 0% used [0x00000000d5580000,0x00000000d5580000,0x00000000d5800000)
  from space 512K, 94% used [0x00000000d5980000,0x00000000d59f9850,0x00000000d5a00000)
  to   space 1024K, 0% used [0x00000000d5800000,0x00000000d5800000,0x00000000d5900000)
 ParOldGen       total 606208K, used 442821K [0x0000000080000000, 0x00000000a5000000, 0x00000000d5580000)
  object space 606208K, 73% used [0x0000000080000000,0x000000009b071730,0x00000000a5000000)
 Metaspace       used 84499K, committed 86272K, reserved 1179648K
  class space    used 8760K, committed 9600K, reserved 1048576K
}
Event: 398.087 GC heap before
{Heap before GC invocations=1055 (full 4):
 PSYoungGen      total 3072K, used 3046K [0x00000000d5580000, 0x00000000d5a00000, 0x0000000100000000)
  eden space 2560K, 100% used [0x00000000d5580000,0x00000000d5800000,0x00000000d5800000)
  from space 512K, 94% used [0x00000000d5980000,0x00000000d59f9850,0x00000000d5a00000)
  to   space 1024K, 0% used [0x00000000d5800000,0x00000000d5800000,0x00000000d5900000)
 ParOldGen       total 606208K, used 442821K [0x0000000080000000, 0x00000000a5000000, 0x00000000d5580000)
  object space 606208K, 73% used [0x0000000080000000,0x000000009b071730,0x00000000a5000000)
 Metaspace       used 84520K, committed 86336K, reserved 1179648K
  class space    used 8760K, committed 9600K, reserved 1048576K
}
Event: 398.090 GC heap after
{Heap after GC invocations=1055 (full 4):
 PSYoungGen      total 3584K, used 1024K [0x00000000d5580000, 0x00000000d5f00000, 0x0000000100000000)
  eden space 2560K, 0% used [0x00000000d5580000,0x00000000d5580000,0x00000000d5800000)
  from space 1024K, 100% used [0x00000000d5800000,0x00000000d5900000,0x00000000d5900000)
  to   space 3584K, 0% used [0x00000000d5b80000,0x00000000d5b80000,0x00000000d5f00000)
 ParOldGen       total 606208K, used 444721K [0x0000000080000000, 0x00000000a5000000, 0x00000000d5580000)
  object space 606208K, 73% used [0x0000000080000000,0x000000009b24c410,0x00000000a5000000)
 Metaspace       used 84520K, committed 86336K, reserved 1179648K
  class space    used 8760K, committed 9600K, reserved 1048576K
}
Event: 398.096 GC heap before
{Heap before GC invocations=1056 (full 4):
 PSYoungGen      total 3584K, used 3584K [0x00000000d5580000, 0x00000000d5f00000, 0x0000000100000000)
  eden space 2560K, 100% used [0x00000000d5580000,0x00000000d5800000,0x00000000d5800000)
  from space 1024K, 100% used [0x00000000d5800000,0x00000000d5900000,0x00000000d5900000)
  to   space 3584K, 0% used [0x00000000d5b80000,0x00000000d5b80000,0x00000000d5f00000)
 ParOldGen       total 606208K, used 444721K [0x0000000080000000, 0x00000000a5000000, 0x00000000d5580000)
  object space 606208K, 73% used [0x0000000080000000,0x000000009b24c410,0x00000000a5000000)
 Metaspace       used 84520K, committed 86336K, reserved 1179648K
  class space    used 8760K, committed 9600K, reserved 1048576K
}
Event: 398.098 GC heap after
{Heap after GC invocations=1056 (full 4):
 PSYoungGen      total 4096K, used 1344K [0x00000000d5580000, 0x00000000d5d00000, 0x0000000100000000)
  eden space 2560K, 0% used [0x00000000d5580000,0x00000000d5580000,0x00000000d5800000)
  from space 1536K, 87% used [0x00000000d5b80000,0x00000000d5cd0000,0x00000000d5d00000)
  to   space 2048K, 0% used [0x00000000d5900000,0x00000000d5900000,0x00000000d5b00000)
 ParOldGen       total 606208K, used 445769K [0x0000000080000000, 0x00000000a5000000, 0x00000000d5580000)
  object space 606208K, 73% used [0x0000000080000000,0x000000009b352410,0x00000000a5000000)
 Metaspace       used 84520K, committed 86336K, reserved 1179648K
  class space    used 8760K, committed 9600K, reserved 1048576K
}
Event: 398.123 GC heap before
{Heap before GC invocations=1057 (full 4):
 PSYoungGen      total 4096K, used 3904K [0x00000000d5580000, 0x00000000d5d00000, 0x0000000100000000)
  eden space 2560K, 100% used [0x00000000d5580000,0x00000000d5800000,0x00000000d5800000)
  from space 1536K, 87% used [0x00000000d5b80000,0x00000000d5cd0000,0x00000000d5d00000)
  to   space 2048K, 0% used [0x00000000d5900000,0x00000000d5900000,0x00000000d5b00000)
 ParOldGen       total 606208K, used 445769K [0x0000000080000000, 0x00000000a5000000, 0x00000000d5580000)
  object space 606208K, 73% used [0x0000000080000000,0x000000009b352410,0x00000000a5000000)
 Metaspace       used 84555K, committed 86336K, reserved 1179648K
  class space    used 8760K, committed 9600K, reserved 1048576K
}
Event: 398.126 GC heap after
{Heap after GC invocations=1057 (full 4):
 PSYoungGen      total 4608K, used 288K [0x00000000d5580000, 0x00000000d5c00000, 0x0000000100000000)
  eden space 2560K, 0% used [0x00000000d5580000,0x00000000d5580000,0x00000000d5800000)
  from space 2048K, 14% used [0x00000000d5900000,0x00000000d5948020,0x00000000d5b00000)
  to   space 1024K, 0% used [0x00000000d5b00000,0x00000000d5b00000,0x00000000d5c00000)
 ParOldGen       total 606208K, used 447040K [0x0000000080000000, 0x00000000a5000000, 0x00000000d5580000)
  object space 606208K, 73% used [0x0000000080000000,0x000000009b490110,0x00000000a5000000)
 Metaspace       used 84555K, committed 86336K, reserved 1179648K
  class space    used 8760K, committed 9600K, reserved 1048576K
}
Event: 398.155 GC heap before
{Heap before GC invocations=1058 (full 4):
 PSYoungGen      total 4608K, used 2848K [0x00000000d5580000, 0x00000000d5c00000, 0x0000000100000000)
  eden space 2560K, 100% used [0x00000000d5580000,0x00000000d5800000,0x00000000d5800000)
  from space 2048K, 14% used [0x00000000d5900000,0x00000000d5948020,0x00000000d5b00000)
  to   space 1024K, 0% used [0x00000000d5b00000,0x00000000d5b00000,0x00000000d5c00000)
 ParOldGen       total 606208K, used 447040K [0x0000000080000000, 0x00000000a5000000, 0x00000000d5580000)
  object space 606208K, 73% used [0x0000000080000000,0x000000009b490110,0x00000000a5000000)
 Metaspace       used 84561K, committed 86336K, reserved 1179648K
  class space    used 8760K, committed 9600K, reserved 1048576K
}
Event: 398.156 GC heap after
{Heap after GC invocations=1058 (full 4):
 PSYoungGen      total 3584K, used 720K [0x00000000d5580000, 0x00000000d5c00000, 0x0000000100000000)
  eden space 2560K, 0% used [0x00000000d5580000,0x00000000d5580000,0x00000000d5800000)
  from space 1024K, 70% used [0x00000000d5b00000,0x00000000d5bb4010,0x00000000d5c00000)
  to   space 1024K, 0% used [0x00000000d5a00000,0x00000000d5a00000,0x00000000d5b00000)
 ParOldGen       total 606208K, used 447285K [0x0000000080000000, 0x00000000a5000000, 0x00000000d5580000)
  object space 606208K, 73% used [0x0000000080000000,0x000000009b4cd530,0x00000000a5000000)
 Metaspace       used 84561K, committed 86336K, reserved 1179648K
  class space    used 8760K, committed 9600K, reserved 1048576K
}
Event: 398.345 GC heap before
{Heap before GC invocations=1059 (full 4):
 PSYoungGen      total 3584K, used 3280K [0x00000000d5580000, 0x00000000d5c00000, 0x0000000100000000)
  eden space 2560K, 100% used [0x00000000d5580000,0x00000000d5800000,0x00000000d5800000)
  from space 1024K, 70% used [0x00000000d5b00000,0x00000000d5bb4010,0x00000000d5c00000)
  to   space 1024K, 0% used [0x00000000d5a00000,0x00000000d5a00000,0x00000000d5b00000)
 ParOldGen       total 606208K, used 447285K [0x0000000080000000, 0x00000000a5000000, 0x00000000d5580000)
  object space 606208K, 73% used [0x0000000080000000,0x000000009b4cd530,0x00000000a5000000)
 Metaspace       used 84571K, committed 86336K, reserved 1179648K
  class space    used 8760K, committed 9600K, reserved 1048576K
}
Event: 398.347 GC heap after
{Heap after GC invocations=1059 (full 4):
 PSYoungGen      total 3584K, used 640K [0x00000000d5580000, 0x00000000d5b80000, 0x0000000100000000)
  eden space 2560K, 0% used [0x00000000d5580000,0x00000000d5580000,0x00000000d5800000)
  from space 1024K, 62% used [0x00000000d5a00000,0x00000000d5aa0000,0x00000000d5b00000)
  to   space 512K, 0% used [0x00000000d5b00000,0x00000000d5b00000,0x00000000d5b80000)
 ParOldGen       total 606208K, used 447301K [0x0000000080000000, 0x00000000a5000000, 0x00000000d5580000)
  object space 606208K, 73% used [0x0000000080000000,0x000000009b4d1530,0x00000000a5000000)
 Metaspace       used 84571K, committed 86336K, reserved 1179648K
  class space    used 8760K, committed 9600K, reserved 1048576K
}
Event: 398.560 GC heap before
{Heap before GC invocations=1060 (full 4):
 PSYoungGen      total 3584K, used 3200K [0x00000000d5580000, 0x00000000d5b80000, 0x0000000100000000)
  eden space 2560K, 100% used [0x00000000d5580000,0x00000000d5800000,0x00000000d5800000)
  from space 1024K, 62% used [0x00000000d5a00000,0x00000000d5aa0000,0x00000000d5b00000)
  to   space 512K, 0% used [0x00000000d5b00000,0x00000000d5b00000,0x00000000d5b80000)
 ParOldGen       total 606208K, used 447301K [0x0000000080000000, 0x00000000a5000000, 0x00000000d5580000)
  object space 606208K, 73% used [0x0000000080000000,0x000000009b4d1530,0x00000000a5000000)
 Metaspace       used 84572K, committed 86336K, reserved 1179648K
  class space    used 8760K, committed 9600K, reserved 1048576K
}
Event: 398.561 GC heap after
{Heap after GC invocations=1060 (full 4):
 PSYoungGen      total 3072K, used 480K [0x00000000d5580000, 0x00000000d5b80000, 0x0000000100000000)
  eden space 2560K, 0% used [0x00000000d5580000,0x00000000d5580000,0x00000000d5800000)
  from space 512K, 93% used [0x00000000d5b00000,0x00000000d5b78000,0x00000000d5b80000)
  to   space 1024K, 0% used [0x00000000d5980000,0x00000000d5980000,0x00000000d5a80000)
 ParOldGen       total 606208K, used 447317K [0x0000000080000000, 0x00000000a5000000, 0x00000000d5580000)
  object space 606208K, 73% used [0x0000000080000000,0x000000009b4d5530,0x00000000a5000000)
 Metaspace       used 84572K, committed 86336K, reserved 1179648K
  class space    used 8760K, committed 9600K, reserved 1048576K
}
Event: 398.637 GC heap before
{Heap before GC invocations=1061 (full 4):
 PSYoungGen      total 3072K, used 3039K [0x00000000d5580000, 0x00000000d5b80000, 0x0000000100000000)
  eden space 2560K, 99% used [0x00000000d5580000,0x00000000d57fffe0,0x00000000d5800000)
  from space 512K, 93% used [0x00000000d5b00000,0x00000000d5b78000,0x00000000d5b80000)
  to   space 1024K, 0% used [0x00000000d5980000,0x00000000d5980000,0x00000000d5a80000)
 ParOldGen       total 606208K, used 447317K [0x0000000080000000, 0x00000000a5000000, 0x00000000d5580000)
  object space 606208K, 73% used [0x0000000080000000,0x000000009b4d5530,0x00000000a5000000)
 Metaspace       used 84576K, committed 86400K, reserved 1179648K
  class space    used 8760K, committed 9600K, reserved 1048576K
}
Event: 398.638 GC heap after
{Heap after GC invocations=1061 (full 4):
 PSYoungGen      total 3584K, used 384K [0x00000000d5580000, 0x00000000d5b80000, 0x0000000100000000)
  eden space 2560K, 0% used [0x00000000d5580000,0x00000000d5580000,0x00000000d5800000)
  from space 1024K, 37% used [0x00000000d5980000,0x00000000d59e0000,0x00000000d5a80000)
  to   space 512K, 0% used [0x00000000d5b00000,0x00000000d5b00000,0x00000000d5b80000)
 ParOldGen       total 606208K, used 447333K [0x0000000080000000, 0x00000000a5000000, 0x00000000d5580000)
  object space 606208K, 73% used [0x0000000080000000,0x000000009b4d9530,0x00000000a5000000)
 Metaspace       used 84576K, committed 86400K, reserved 1179648K
  class space    used 8760K, committed 9600K, reserved 1048576K
}
Event: 398.852 GC heap before
{Heap before GC invocations=1062 (full 4):
 PSYoungGen      total 3584K, used 2944K [0x00000000d5580000, 0x00000000d5b80000, 0x0000000100000000)
  eden space 2560K, 100% used [0x00000000d5580000,0x00000000d5800000,0x00000000d5800000)
  from space 1024K, 37% used [0x00000000d5980000,0x00000000d59e0000,0x00000000d5a80000)
  to   space 512K, 0% used [0x00000000d5b00000,0x00000000d5b00000,0x00000000d5b80000)
 ParOldGen       total 606208K, used 447333K [0x0000000080000000, 0x00000000a5000000, 0x00000000d5580000)
  object space 606208K, 73% used [0x0000000080000000,0x000000009b4d9530,0x00000000a5000000)
 Metaspace       used 84582K, committed 86400K, reserved 1179648K
  class space    used 8760K, committed 9600K, reserved 1048576K
}
Event: 398.854 GC heap after
{Heap after GC invocations=1062 (full 4):
 PSYoungGen      total 3072K, used 448K [0x00000000d5580000, 0x00000000d5b80000, 0x0000000100000000)
  eden space 2560K, 0% used [0x00000000d5580000,0x00000000d5580000,0x00000000d5800000)
  from space 512K, 87% used [0x00000000d5b00000,0x00000000d5b70000,0x00000000d5b80000)
  to   space 512K, 0% used [0x00000000d5a80000,0x00000000d5a80000,0x00000000d5b00000)
 ParOldGen       total 606208K, used 447675K [0x0000000080000000, 0x00000000a5000000, 0x00000000d5580000)
  object space 606208K, 73% used [0x0000000080000000,0x000000009b52ef80,0x00000000a5000000)
 Metaspace       used 84582K, committed 86400K, reserved 1179648K
  class space    used 8760K, committed 9600K, reserved 1048576K
}
Event: 398.938 GC heap before
{Heap before GC invocations=1063 (full 4):
 PSYoungGen      total 3072K, used 3008K [0x00000000d5580000, 0x00000000d5b80000, 0x0000000100000000)
  eden space 2560K, 100% used [0x00000000d5580000,0x00000000d5800000,0x00000000d5800000)
  from space 512K, 87% used [0x00000000d5b00000,0x00000000d5b70000,0x00000000d5b80000)
  to   space 512K, 0% used [0x00000000d5a80000,0x00000000d5a80000,0x00000000d5b00000)
 ParOldGen       total 606208K, used 447675K [0x0000000080000000, 0x00000000a5000000, 0x00000000d5580000)
  object space 606208K, 73% used [0x0000000080000000,0x000000009b52ef80,0x00000000a5000000)
 Metaspace       used 84590K, committed 86400K, reserved 1179648K
  class space    used 8760K, committed 9600K, reserved 1048576K
}
Event: 398.939 GC heap after
{Heap after GC invocations=1063 (full 4):
 PSYoungGen      total 3072K, used 256K [0x00000000d5580000, 0x00000000d5b80000, 0x0000000100000000)
  eden space 2560K, 0% used [0x00000000d5580000,0x00000000d5580000,0x00000000d5800000)
  from space 512K, 50% used [0x00000000d5a80000,0x00000000d5ac0000,0x00000000d5b00000)
  to   space 512K, 0% used [0x00000000d5b00000,0x00000000d5b00000,0x00000000d5b80000)
 ParOldGen       total 606208K, used 448087K [0x0000000080000000, 0x00000000a5000000, 0x00000000d5580000)
  object space 606208K, 73% used [0x0000000080000000,0x000000009b595f90,0x00000000a5000000)
 Metaspace       used 84590K, committed 86400K, reserved 1179648K
  class space    used 8760K, committed 9600K, reserved 1048576K
}

