# JRE version: OpenJDK Runtime Environment Temurin-21.0.10+7 (21.0.10+7) (build 21.0.10+7-LTS)
# Java VM: OpenJDK 64-Bit Server VM Temurin-21.0.10+7 (21.0.10+7-LTS, mixed mode, sharing, tiered, compressed oops, compressed class ptrs, parallel gc, windows-amd64)
GC Precious Log:
 CardTable entry size: 512
 CPUs: 4 total, 4 available
 Memory: 12188M
 Large Page Support: Disabled
 NUMA Support: Disabled
 Compressed Oops: Enabled (32-bit)
 Alignments: Space 512K, Generation 512K, Heap 2M
 Heap Min Capacity: 100M
 Heap Initial Capacity: 100M
 Heap Max Capacity: 2G
 Pre-touch: Disabled
 Parallel Workers: 4
Heap:
 PSYoungGen      total 3072K, used 2811K [0x00000000d5580000, 0x00000000d5b00000, 0x0000000100000000)
  eden space 2560K, 89% used [0x00000000d5580000,0x00000000d57befc8,0x00000000d5800000)
  from space 512K, 100% used [0x00000000d5a00000,0x00000000d5a80000,0x00000000d5a80000)
  to   space 512K, 0% used [0x00000000d5a80000,0x00000000d5a80000,0x00000000d5b00000)
 ParOldGen       total 844288K, used 257448K [0x0000000080000000, 0x00000000b3880000, 0x00000000d5580000)
  object space 844288K, 30% used [0x0000000080000000,0x000000008fb6a3d8,0x00000000b3880000)
 Metaspace       used 87014K, committed 88704K, reserved 1179648K
  class space    used 8908K, committed 9664K, reserved 1048576K
GC Heap History (20 events):
Event: 1621.743 GC heap before
{Heap before GC invocations=1875 (full 5):
 PSYoungGen      total 3072K, used 2720K [0x00000000d5580000, 0x00000000d5b00000, 0x0000000100000000)
  eden space 2560K, 100% used [0x00000000d5580000,0x00000000d5800000,0x00000000d5800000)
  from space 512K, 31% used [0x00000000d5a00000,0x00000000d5a28000,0x00000000d5a80000)
  to   space 512K, 0% used [0x00000000d5a80000,0x00000000d5a80000,0x00000000d5b00000)
 ParOldGen       total 844288K, used 256044K [0x0000000080000000, 0x00000000b3880000, 0x00000000d5580000)
  object space 844288K, 30% used [0x0000000080000000,0x000000008fa0b1b8,0x00000000b3880000)
 Metaspace       used 86905K, committed 88576K, reserved 1179648K
  class space    used 8908K, committed 9664K, reserved 1048576K
}
Event: 1621.745 GC heap after
{Heap after GC invocations=1875 (full 5):
 PSYoungGen      total 3072K, used 128K [0x00000000d5580000, 0x00000000d5b00000, 0x0000000100000000)
  eden space 2560K, 0% used [0x00000000d5580000,0x00000000d5580000,0x00000000d5800000)
  from space 512K, 25% used [0x00000000d5a80000,0x00000000d5aa0000,0x00000000d5b00000)
  to   space 512K, 0% used [0x00000000d5a00000,0x00000000d5a00000,0x00000000d5a80000)
 ParOldGen       total 844288K, used 256068K [0x0000000080000000, 0x00000000b3880000, 0x00000000d5580000)
  object space 844288K, 30% used [0x0000000080000000,0x000000008fa111b8,0x00000000b3880000)
 Metaspace       used 86905K, committed 88576K, reserved 1179648K
  class space    used 8908K, committed 9664K, reserved 1048576K
}
Event: 1622.092 GC heap before
{Heap before GC invocations=1876 (full 5):
 PSYoungGen      total 3072K, used 2688K [0x00000000d5580000, 0x00000000d5b00000, 0x0000000100000000)
  eden space 2560K, 100% used [0x00000000d5580000,0x00000000d5800000,0x00000000d5800000)
  from space 512K, 25% used [0x00000000d5a80000,0x00000000d5aa0000,0x00000000d5b00000)
  to   space 512K, 0% used [0x00000000d5a00000,0x00000000d5a00000,0x00000000d5a80000)
 ParOldGen       total 844288K, used 256068K [0x0000000080000000, 0x00000000b3880000, 0x00000000d5580000)
  object space 844288K, 30% used [0x0000000080000000,0x000000008fa111b8,0x00000000b3880000)
 Metaspace       used 86917K, committed 88576K, reserved 1179648K
  class space    used 8908K, committed 9664K, reserved 1048576K
}
Event: 1622.098 GC heap after
{Heap after GC invocations=1876 (full 5):
 PSYoungGen      total 3072K, used 416K [0x00000000d5580000, 0x00000000d5b00000, 0x0000000100000000)
  eden space 2560K, 0% used [0x00000000d5580000,0x00000000d5580000,0x00000000d5800000)
  from space 512K, 81% used [0x00000000d5a00000,0x00000000d5a68000,0x00000000d5a80000)
  to   space 512K, 0% used [0x00000000d5a80000,0x00000000d5a80000,0x00000000d5b00000)
 ParOldGen       total 844288K, used 256084K [0x0000000080000000, 0x00000000b3880000, 0x00000000d5580000)
  object space 844288K, 30% used [0x0000000080000000,0x000000008fa151b8,0x00000000b3880000)
 Metaspace       used 86917K, committed 88576K, reserved 1179648K
  class space    used 8908K, committed 9664K, reserved 1048576K
}
Event: 1623.652 GC heap before
{Heap before GC invocations=1877 (full 5):
 PSYoungGen      total 3072K, used 2976K [0x00000000d5580000, 0x00000000d5b00000, 0x0000000100000000)
  eden space 2560K, 100% used [0x00000000d5580000,0x00000000d5800000,0x00000000d5800000)
  from space 512K, 81% used [0x00000000d5a00000,0x00000000d5a68000,0x00000000d5a80000)
  to   space 512K, 0% used [0x00000000d5a80000,0x00000000d5a80000,0x00000000d5b00000)
 ParOldGen       total 844288K, used 256084K [0x0000000080000000, 0x00000000b3880000, 0x00000000d5580000)
  object space 844288K, 30% used [0x0000000080000000,0x000000008fa151b8,0x00000000b3880000)
 Metaspace       used 86918K, committed 88576K, reserved 1179648K
  class space    used 8908K, committed 9664K, reserved 1048576K
}
Event: 1623.653 GC heap after
{Heap after GC invocations=1877 (full 5):
 PSYoungGen      total 3072K, used 160K [0x00000000d5580000, 0x00000000d5b00000, 0x0000000100000000)
  eden space 2560K, 0% used [0x00000000d5580000,0x00000000d5580000,0x00000000d5800000)
  from space 512K, 31% used [0x00000000d5a80000,0x00000000d5aa8000,0x00000000d5b00000)
  to   space 512K, 0% used [0x00000000d5a00000,0x00000000d5a00000,0x00000000d5a80000)
 ParOldGen       total 844288K, used 256100K [0x0000000080000000, 0x00000000b3880000, 0x00000000d5580000)
  object space 844288K, 30% used [0x0000000080000000,0x000000008fa191b8,0x00000000b3880000)
 Metaspace       used 86918K, committed 88576K, reserved 1179648K
  class space    used 8908K, committed 9664K, reserved 1048576K
}
Event: 1623.737 GC heap before
{Heap before GC invocations=1878 (full 5):
 PSYoungGen      total 3072K, used 2719K [0x00000000d5580000, 0x00000000d5b00000, 0x0000000100000000)
  eden space 2560K, 99% used [0x00000000d5580000,0x00000000d57fffe8,0x00000000d5800000)
  from space 512K, 31% used [0x00000000d5a80000,0x00000000d5aa8000,0x00000000d5b00000)
  to   space 512K, 0% used [0x00000000d5a00000,0x00000000d5a00000,0x00000000d5a80000)
 ParOldGen       total 844288K, used 256100K [0x0000000080000000, 0x00000000b3880000, 0x00000000d5580000)
  object space 844288K, 30% used [0x0000000080000000,0x000000008fa191b8,0x00000000b3880000)
 Metaspace       used 86946K, committed 88640K, reserved 1179648K
  class space    used 8908K, committed 9664K, reserved 1048576K
}
Event: 1623.738 GC heap after
{Heap after GC invocations=1878 (full 5):
 PSYoungGen      total 3072K, used 512K [0x00000000d5580000, 0x00000000d5b00000, 0x0000000100000000)
  eden space 2560K, 0% used [0x00000000d5580000,0x00000000d5580000,0x00000000d5800000)
  from space 512K, 100% used [0x00000000d5a00000,0x00000000d5a80000,0x00000000d5a80000)
  to   space 512K, 0% used [0x00000000d5a80000,0x00000000d5a80000,0x00000000d5b00000)
 ParOldGen       total 844288K, used 256462K [0x0000000080000000, 0x00000000b3880000, 0x00000000d5580000)
  object space 844288K, 30% used [0x0000000080000000,0x000000008fa73ab8,0x00000000b3880000)
 Metaspace       used 86946K, committed 88640K, reserved 1179648K
  class space    used 8908K, committed 9664K, reserved 1048576K
}
Event: 1623.892 GC heap before
{Heap before GC invocations=1879 (full 5):
 PSYoungGen      total 3072K, used 3072K [0x00000000d5580000, 0x00000000d5b00000, 0x0000000100000000)
  eden space 2560K, 100% used [0x00000000d5580000,0x00000000d5800000,0x00000000d5800000)
  from space 512K, 100% used [0x00000000d5a00000,0x00000000d5a80000,0x00000000d5a80000)
  to   space 512K, 0% used [0x00000000d5a80000,0x00000000d5a80000,0x00000000d5b00000)
 ParOldGen       total 844288K, used 256462K [0x0000000080000000, 0x00000000b3880000, 0x00000000d5580000)
  object space 844288K, 30% used [0x0000000080000000,0x000000008fa73ab8,0x00000000b3880000)
 Metaspace       used 86951K, committed 88640K, reserved 1179648K
  class space    used 8908K, committed 9664K, reserved 1048576K
}
Event: 1623.894 GC heap after
{Heap after GC invocations=1879 (full 5):
 PSYoungGen      total 3072K, used 256K [0x00000000d5580000, 0x00000000d5b00000, 0x0000000100000000)
  eden space 2560K, 0% used [0x00000000d5580000,0x00000000d5580000,0x00000000d5800000)
  from space 512K, 50% used [0x00000000d5a80000,0x00000000d5ac0000,0x00000000d5b00000)
  to   space 512K, 0% used [0x00000000d5a00000,0x00000000d5a00000,0x00000000d5a80000)
 ParOldGen       total 844288K, used 256987K [0x0000000080000000, 0x00000000b3880000, 0x00000000d5580000)
  object space 844288K, 30% used [0x0000000080000000,0x000000008faf6f48,0x00000000b3880000)
 Metaspace       used 86951K, committed 88640K, reserved 1179648K
  class space    used 8908K, committed 9664K, reserved 1048576K
}
Event: 1623.982 GC heap before
{Heap before GC invocations=1880 (full 5):
 PSYoungGen      total 3072K, used 2816K [0x00000000d5580000, 0x00000000d5b00000, 0x0000000100000000)
  eden space 2560K, 100% used [0x00000000d5580000,0x00000000d5800000,0x00000000d5800000)
  from space 512K, 50% used [0x00000000d5a80000,0x00000000d5ac0000,0x00000000d5b00000)
  to   space 512K, 0% used [0x00000000d5a00000,0x00000000d5a00000,0x00000000d5a80000)
 ParOldGen       total 844288K, used 256987K [0x0000000080000000, 0x00000000b3880000, 0x00000000d5580000)
  object space 844288K, 30% used [0x0000000080000000,0x000000008faf6f48,0x00000000b3880000)
 Metaspace       used 86952K, committed 88640K, reserved 1179648K
  class space    used 8908K, committed 9664K, reserved 1048576K
}
Event: 1623.983 GC heap after
{Heap after GC invocations=1880 (full 5):
 PSYoungGen      total 3072K, used 128K [0x00000000d5580000, 0x00000000d5b00000, 0x0000000100000000)
  eden space 2560K, 0% used [0x00000000d5580000,0x00000000d5580000,0x00000000d5800000)
  from space 512K, 25% used [0x00000000d5a00000,0x00000000d5a20000,0x00000000d5a80000)
  to   space 512K, 0% used [0x00000000d5a80000,0x00000000d5a80000,0x00000000d5b00000)
 ParOldGen       total 844288K, used 257091K [0x0000000080000000, 0x00000000b3880000, 0x00000000d5580000)
  object space 844288K, 30% used [0x0000000080000000,0x000000008fb10f48,0x00000000b3880000)
 Metaspace       used 86952K, committed 88640K, reserved 1179648K
  class space    used 8908K, committed 9664K, reserved 1048576K
}
Event: 1624.053 GC heap before
{Heap before GC invocations=1881 (full 5):
 PSYoungGen      total 3072K, used 2687K [0x00000000d5580000, 0x00000000d5b00000, 0x0000000100000000)
  eden space 2560K, 99% used [0x00000000d5580000,0x00000000d57ffff0,0x00000000d5800000)
  from space 512K, 25% used [0x00000000d5a00000,0x00000000d5a20000,0x00000000d5a80000)
  to   space 512K, 0% used [0x00000000d5a80000,0x00000000d5a80000,0x00000000d5b00000)
 ParOldGen       total 844288K, used 257091K [0x0000000080000000, 0x00000000b3880000, 0x00000000d5580000)
  object space 844288K, 30% used [0x0000000080000000,0x000000008fb10f48,0x00000000b3880000)
 Metaspace       used 86952K, committed 88640K, reserved 1179648K
  class space    used 8908K, committed 9664K, reserved 1048576K
}
Event: 1624.054 GC heap after
{Heap after GC invocations=1881 (full 5):
 PSYoungGen      total 3072K, used 352K [0x00000000d5580000, 0x00000000d5b00000, 0x0000000100000000)
  eden space 2560K, 0% used [0x00000000d5580000,0x00000000d5580000,0x00000000d5800000)
  from space 512K, 68% used [0x00000000d5a80000,0x00000000d5ad8000,0x00000000d5b00000)
  to   space 512K, 0% used [0x00000000d5a00000,0x00000000d5a00000,0x00000000d5a80000)
 ParOldGen       total 844288K, used 257107K [0x0000000080000000, 0x00000000b3880000, 0x00000000d5580000)
  object space 844288K, 30% used [0x0000000080000000,0x000000008fb14f48,0x00000000b3880000)
 Metaspace       used 86952K, committed 88640K, reserved 1179648K
  class space    used 8908K, committed 9664K, reserved 1048576K
}
Event: 1624.192 GC heap before
{Heap before GC invocations=1882 (full 5):
 PSYoungGen      total 3072K, used 2912K [0x00000000d5580000, 0x00000000d5b00000, 0x0000000100000000)
  eden space 2560K, 100% used [0x00000000d5580000,0x00000000d5800000,0x00000000d5800000)
  from space 512K, 68% used [0x00000000d5a80000,0x00000000d5ad8000,0x00000000d5b00000)
  to   space 512K, 0% used [0x00000000d5a00000,0x00000000d5a00000,0x00000000d5a80000)
 ParOldGen       total 844288K, used 257107K [0x0000000080000000, 0x00000000b3880000, 0x00000000d5580000)
  object space 844288K, 30% used [0x0000000080000000,0x000000008fb14f48,0x00000000b3880000)
 Metaspace       used 86964K, committed 88640K, reserved 1179648K
  class space    used 8908K, committed 9664K, reserved 1048576K
}
Event: 1624.193 GC heap after
{Heap after GC invocations=1882 (full 5):
 PSYoungGen      total 3072K, used 128K [0x00000000d5580000, 0x00000000d5b00000, 0x0000000100000000)
  eden space 2560K, 0% used [0x00000000d5580000,0x00000000d5580000,0x00000000d5800000)
  from space 512K, 25% used [0x00000000d5a00000,0x00000000d5a20000,0x00000000d5a80000)
  to   space 512K, 0% used [0x00000000d5a80000,0x00000000d5a80000,0x00000000d5b00000)
 ParOldGen       total 844288K, used 257123K [0x0000000080000000, 0x00000000b3880000, 0x00000000d5580000)
  object space 844288K, 30% used [0x0000000080000000,0x000000008fb18f48,0x00000000b3880000)
 Metaspace       used 86964K, committed 88640K, reserved 1179648K
  class space    used 8908K, committed 9664K, reserved 1048576K
}
Event: 1624.473 GC heap before
{Heap before GC invocations=1883 (full 5):
 PSYoungGen      total 3072K, used 2688K [0x00000000d5580000, 0x00000000d5b00000, 0x0000000100000000)
  eden space 2560K, 100% used [0x00000000d5580000,0x00000000d5800000,0x00000000d5800000)
  from space 512K, 25% used [0x00000000d5a00000,0x00000000d5a20000,0x00000000d5a80000)
  to   space 512K, 0% used [0x00000000d5a80000,0x00000000d5a80000,0x00000000d5b00000)
 ParOldGen       total 844288K, used 257123K [0x0000000080000000, 0x00000000b3880000, 0x00000000d5580000)
  object space 844288K, 30% used [0x0000000080000000,0x000000008fb18f48,0x00000000b3880000)
 Metaspace       used 86965K, committed 88640K, reserved 1179648K
  class space    used 8908K, committed 9664K, reserved 1048576K
}
Event: 1624.474 GC heap after
{Heap after GC invocations=1883 (full 5):
 PSYoungGen      total 3072K, used 160K [0x00000000d5580000, 0x00000000d5b00000, 0x0000000100000000)
  eden space 2560K, 0% used [0x00000000d5580000,0x00000000d5580000,0x00000000d5800000)
  from space 512K, 31% used [0x00000000d5a80000,0x00000000d5aa8000,0x00000000d5b00000)
  to   space 512K, 0% used [0x00000000d5a00000,0x00000000d5a00000,0x00000000d5a80000)
 ParOldGen       total 844288K, used 257139K [0x0000000080000000, 0x00000000b3880000, 0x00000000d5580000)
  object space 844288K, 30% used [0x0000000080000000,0x000000008fb1cf48,0x00000000b3880000)
 Metaspace       used 86965K, committed 88640K, reserved 1179648K
  class space    used 8908K, committed 9664K, reserved 1048576K
}
Event: 1624.519 GC heap before
{Heap before GC invocations=1884 (full 5):
 PSYoungGen      total 3072K, used 2720K [0x00000000d5580000, 0x00000000d5b00000, 0x0000000100000000)
  eden space 2560K, 100% used [0x00000000d5580000,0x00000000d5800000,0x00000000d5800000)
  from space 512K, 31% used [0x00000000d5a80000,0x00000000d5aa8000,0x00000000d5b00000)
  to   space 512K, 0% used [0x00000000d5a00000,0x00000000d5a00000,0x00000000d5a80000)
 ParOldGen       total 844288K, used 257139K [0x0000000080000000, 0x00000000b3880000, 0x00000000d5580000)
  object space 844288K, 30% used [0x0000000080000000,0x000000008fb1cf48,0x00000000b3880000)
 Metaspace       used 86974K, committed 88640K, reserved 1179648K
  class space    used 8908K, committed 9664K, reserved 1048576K
}
Event: 1624.520 GC heap after
{Heap after GC invocations=1884 (full 5):
 PSYoungGen      total 3072K, used 512K [0x00000000d5580000, 0x00000000d5b00000, 0x0000000100000000)
  eden space 2560K, 0% used [0x00000000d5580000,0x00000000d5580000,0x00000000d5800000)
  from space 512K, 100% used [0x00000000d5a00000,0x00000000d5a80000,0x00000000d5a80000)
  to   space 512K, 0% used [0x00000000d5a80000,0x00000000d5a80000,0x00000000d5b00000)
 ParOldGen       total 844288K, used 257448K [0x0000000080000000, 0x00000000b3880000, 0x00000000d5580000)
  object space 844288K, 30% used [0x0000000080000000,0x000000008fb6a3d8,0x00000000b3880000)
 Metaspace       used 86974K, committed 88640K, reserved 1179648K
  class space    used 8908K, committed 9664K, reserved 1048576K
}

