# JRE version: OpenJDK Runtime Environment Temurin-21.0.10+7 (21.0.10+7) (build 21.0.10+7-LTS)
# Java VM: OpenJDK 64-Bit Server VM Temurin-21.0.10+7 (21.0.10+7-LTS, mixed mode, sharing, tiered, compressed oops, compressed class ptrs, parallel gc, windows-amd64)
GC Precious Log:
 CardTable entry size: 512
 CPUs: 4 total, 4 available
 Memory: 12188M
 Large Page Support: Disabled
 NUMA Support: Disabled
 Compressed Oops: Enabled (32-bit)
 Alignments: Space 512K, Generation 512K, Heap 2M
 Heap Min Capacity: 100M
 Heap Initial Capacity: 100M
 Heap Max Capacity: 2G
 Pre-touch: Disabled
 Parallel Workers: 4
Heap:
 PSYoungGen      total 4096K, used 4095K [0x00000000d5580000, 0x00000000d6080000, 0x0000000100000000)
  eden space 2048K, 100% used [0x00000000d5580000,0x00000000d5780000,0x00000000d5780000)
  from space 2048K, 99% used [0x00000000d5780000,0x00000000d597ffd0,0x00000000d5980000)
  to   space 4608K, 42% used [0x00000000d5c00000,0x00000000d5de8f70,0x00000000d6080000)
 ParOldGen       total 337408K, used 337035K [0x0000000080000000, 0x0000000094980000, 0x00000000d5580000)
  object space 337408K, 99% used [0x0000000080000000,0x0000000094922e90,0x0000000094980000)
 Metaspace       used 61603K, committed 62976K, reserved 1114112K
  class space    used 6645K, committed 7232K, reserved 1048576K
GC Heap History (20 events):
Event: 20.291 GC heap after
{Heap after GC invocations=255 (full 3):
 PSYoungGen      total 5120K, used 1477K [0x00000000d5580000, 0x00000000d5c80000, 0x0000000100000000)
  eden space 3584K, 0% used [0x00000000d5580000,0x00000000d5580000,0x00000000d5900000)
  from space 1536K, 96% used [0x00000000d5b00000,0x00000000d5c71668,0x00000000d5c80000)
  to   space 1536K, 0% used [0x00000000d5980000,0x00000000d5980000,0x00000000d5b00000)
 ParOldGen       total 321024K, used 320997K [0x0000000080000000, 0x0000000093980000, 0x00000000d5580000)
  object space 321024K, 99% used [0x0000000080000000,0x0000000093979470,0x0000000093980000)
 Metaspace       used 61589K, committed 62976K, reserved 1114112K
  class space    used 6645K, committed 7232K, reserved 1048576K
}
Event: 20.302 GC heap before
{Heap before GC invocations=256 (full 3):
 PSYoungGen      total 5120K, used 5057K [0x00000000d5580000, 0x00000000d5c80000, 0x0000000100000000)
  eden space 3584K, 99% used [0x00000000d5580000,0x00000000d58ff088,0x00000000d5900000)
  from space 1536K, 96% used [0x00000000d5b00000,0x00000000d5c71668,0x00000000d5c80000)
  to   space 1536K, 0% used [0x00000000d5980000,0x00000000d5980000,0x00000000d5b00000)
 ParOldGen       total 321024K, used 320997K [0x0000000080000000, 0x0000000093980000, 0x00000000d5580000)
  object space 321024K, 99% used [0x0000000080000000,0x0000000093979470,0x0000000093980000)
 Metaspace       used 61589K, committed 62976K, reserved 1114112K
  class space    used 6645K, committed 7232K, reserved 1048576K
}
Event: 20.304 GC heap after
{Heap after GC invocations=256 (full 3):
 PSYoungGen      total 5120K, used 1527K [0x00000000d5580000, 0x00000000d5d00000, 0x0000000100000000)
  eden space 3584K, 0% used [0x00000000d5580000,0x00000000d5580000,0x00000000d5900000)
  from space 1536K, 99% used [0x00000000d5980000,0x00000000d5afdea8,0x00000000d5b00000)
  to   space 2048K, 0% used [0x00000000d5b00000,0x00000000d5b00000,0x00000000d5d00000)
 ParOldGen       total 322560K, used 322415K [0x0000000080000000, 0x0000000093b00000, 0x00000000d5580000)
  object space 322560K, 99% used [0x0000000080000000,0x0000000093adbeb8,0x0000000093b00000)
 Metaspace       used 61589K, committed 62976K, reserved 1114112K
  class space    used 6645K, committed 7232K, reserved 1048576K
}
Event: 20.375 GC heap before
{Heap before GC invocations=257 (full 3):
 PSYoungGen      total 5120K, used 5111K [0x00000000d5580000, 0x00000000d5d00000, 0x0000000100000000)
  eden space 3584K, 100% used [0x00000000d5580000,0x00000000d5900000,0x00000000d5900000)
  from space 1536K, 99% used [0x00000000d5980000,0x00000000d5afdea8,0x00000000d5b00000)
  to   space 2048K, 0% used [0x00000000d5b00000,0x00000000d5b00000,0x00000000d5d00000)
 ParOldGen       total 322560K, used 322415K [0x0000000080000000, 0x0000000093b00000, 0x00000000d5580000)
  object space 322560K, 99% used [0x0000000080000000,0x0000000093adbeb8,0x0000000093b00000)
 Metaspace       used 61598K, committed 62976K, reserved 1114112K
  class space    used 6645K, committed 7232K, reserved 1048576K
}
Event: 20.378 GC heap after
{Heap after GC invocations=257 (full 3):
 PSYoungGen      total 5632K, used 1758K [0x00000000d5580000, 0x00000000d5d00000, 0x0000000100000000)
  eden space 3584K, 0% used [0x00000000d5580000,0x00000000d5580000,0x00000000d5900000)
  from space 2048K, 85% used [0x00000000d5b00000,0x00000000d5cb79c8,0x00000000d5d00000)
  to   space 2048K, 0% used [0x00000000d5900000,0x00000000d5900000,0x00000000d5b00000)
 ParOldGen       total 324096K, used 323813K [0x0000000080000000, 0x0000000093c80000, 0x00000000d5580000)
  object space 324096K, 99% used [0x0000000080000000,0x0000000093c39650,0x0000000093c80000)
 Metaspace       used 61598K, committed 62976K, reserved 1114112K
  class space    used 6645K, committed 7232K, reserved 1048576K
}
Event: 20.414 GC heap before
{Heap before GC invocations=258 (full 3):
 PSYoungGen      total 5632K, used 5342K [0x00000000d5580000, 0x00000000d5d00000, 0x0000000100000000)
  eden space 3584K, 100% used [0x00000000d5580000,0x00000000d5900000,0x00000000d5900000)
  from space 2048K, 85% used [0x00000000d5b00000,0x00000000d5cb79c8,0x00000000d5d00000)
  to   space 2048K, 0% used [0x00000000d5900000,0x00000000d5900000,0x00000000d5b00000)
 ParOldGen       total 324096K, used 323813K [0x0000000080000000, 0x0000000093c80000, 0x00000000d5580000)
  object space 324096K, 99% used [0x0000000080000000,0x0000000093c39650,0x0000000093c80000)
 Metaspace       used 61600K, committed 62976K, reserved 1114112K
  class space    used 6645K, committed 7232K, reserved 1048576K
}
Event: 20.416 GC heap after
{Heap after GC invocations=258 (full 3):
 PSYoungGen      total 4096K, used 0K [0x00000000d5580000, 0x00000000d5b80000, 0x0000000100000000)
  eden space 3584K, 0% used [0x00000000d5580000,0x00000000d5580000,0x00000000d5900000)
  from space 512K, 0% used [0x00000000d5900000,0x00000000d5900000,0x00000000d5980000)
  to   space 1024K, 0% used [0x00000000d5a80000,0x00000000d5a80000,0x00000000d5b80000)
 ParOldGen       total 325632K, used 325531K [0x0000000080000000, 0x0000000093e00000, 0x00000000d5580000)
  object space 325632K, 99% used [0x0000000080000000,0x0000000093de6e78,0x0000000093e00000)
 Metaspace       used 61600K, committed 62976K, reserved 1114112K
  class space    used 6645K, committed 7232K, reserved 1048576K
}
Event: 20.447 GC heap before
{Heap before GC invocations=259 (full 3):
 PSYoungGen      total 4096K, used 3584K [0x00000000d5580000, 0x00000000d5b80000, 0x0000000100000000)
  eden space 3584K, 100% used [0x00000000d5580000,0x00000000d5900000,0x00000000d5900000)
  from space 512K, 0% used [0x00000000d5900000,0x00000000d5900000,0x00000000d5980000)
  to   space 1024K, 0% used [0x00000000d5a80000,0x00000000d5a80000,0x00000000d5b80000)
 ParOldGen       total 325632K, used 325531K [0x0000000080000000, 0x0000000093e00000, 0x00000000d5580000)
  object space 325632K, 99% used [0x0000000080000000,0x0000000093de6e78,0x0000000093e00000)
 Metaspace       used 61602K, committed 62976K, reserved 1114112K
  class space    used 6645K, committed 7232K, reserved 1048576K
}
Event: 20.450 GC heap after
{Heap after GC invocations=259 (full 3):
 PSYoungGen      total 3072K, used 994K [0x00000000d5580000, 0x00000000d5f00000, 0x0000000100000000)
  eden space 2048K, 0% used [0x00000000d5580000,0x00000000d5580000,0x00000000d5780000)
  from space 1024K, 97% used [0x00000000d5a80000,0x00000000d5b78800,0x00000000d5b80000)
  to   space 3072K, 0% used [0x00000000d5780000,0x00000000d5780000,0x00000000d5a80000)
 ParOldGen       total 327168K, used 326918K [0x0000000080000000, 0x0000000093f80000, 0x00000000d5580000)
  object space 327168K, 99% used [0x0000000080000000,0x0000000093f41918,0x0000000093f80000)
 Metaspace       used 61602K, committed 62976K, reserved 1114112K
  class space    used 6645K, committed 7232K, reserved 1048576K
}
Event: 20.466 GC heap before
{Heap before GC invocations=260 (full 3):
 PSYoungGen      total 3072K, used 3042K [0x00000000d5580000, 0x00000000d5f00000, 0x0000000100000000)
  eden space 2048K, 100% used [0x00000000d5580000,0x00000000d5780000,0x00000000d5780000)
  from space 1024K, 97% used [0x00000000d5a80000,0x00000000d5b78800,0x00000000d5b80000)
  to   space 3072K, 0% used [0x00000000d5780000,0x00000000d5780000,0x00000000d5a80000)
 ParOldGen       total 327168K, used 326918K [0x0000000080000000, 0x0000000093f80000, 0x00000000d5580000)
  object space 327168K, 99% used [0x0000000080000000,0x0000000093f41918,0x0000000093f80000)
 Metaspace       used 61603K, committed 62976K, reserved 1114112K
  class space    used 6645K, committed 7232K, reserved 1048576K
}
Event: 20.469 GC heap after
{Heap after GC invocations=260 (full 3):
 PSYoungGen      total 4608K, used 2087K [0x00000000d5580000, 0x00000000d5c80000, 0x0000000100000000)
  eden space 2048K, 0% used [0x00000000d5580000,0x00000000d5580000,0x00000000d5780000)
  from space 2560K, 81% used [0x00000000d5780000,0x00000000d5989c00,0x00000000d5a00000)
  to   space 2560K, 0% used [0x00000000d5a00000,0x00000000d5a00000,0x00000000d5c80000)
 ParOldGen       total 327680K, used 327428K [0x0000000080000000, 0x0000000094000000, 0x00000000d5580000)
  object space 327680K, 99% used [0x0000000080000000,0x0000000093fc13c0,0x0000000094000000)
 Metaspace       used 61603K, committed 62976K, reserved 1114112K
  class space    used 6645K, committed 7232K, reserved 1048576K
}
Event: 20.494 GC heap before
{Heap before GC invocations=261 (full 3):
 PSYoungGen      total 4608K, used 4135K [0x00000000d5580000, 0x00000000d5c80000, 0x0000000100000000)
  eden space 2048K, 100% used [0x00000000d5580000,0x00000000d5780000,0x00000000d5780000)
  from space 2560K, 81% used [0x00000000d5780000,0x00000000d5989c00,0x00000000d5a00000)
  to   space 2560K, 0% used [0x00000000d5a00000,0x00000000d5a00000,0x00000000d5c80000)
 ParOldGen       total 327680K, used 327428K [0x0000000080000000, 0x0000000094000000, 0x00000000d5580000)
  object space 327680K, 99% used [0x0000000080000000,0x0000000093fc13c0,0x0000000094000000)
 Metaspace       used 61603K, committed 62976K, reserved 1114112K
  class space    used 6645K, committed 7232K, reserved 1048576K
}
Event: 20.497 GC heap after
{Heap after GC invocations=261 (full 3):
 PSYoungGen      total 4608K, used 2024K [0x00000000d5580000, 0x00000000d5c80000, 0x0000000100000000)
  eden space 2048K, 0% used [0x00000000d5580000,0x00000000d5580000,0x00000000d5780000)
  from space 2560K, 79% used [0x00000000d5a00000,0x00000000d5bfa3d0,0x00000000d5c80000)
  to   space 2560K, 0% used [0x00000000d5780000,0x00000000d5780000,0x00000000d5a00000)
 ParOldGen       total 329728K, used 329363K [0x0000000080000000, 0x0000000094200000, 0x00000000d5580000)
  object space 329728K, 99% used [0x0000000080000000,0x00000000941a4e50,0x0000000094200000)
 Metaspace       used 61603K, committed 62976K, reserved 1114112K
  class space    used 6645K, committed 7232K, reserved 1048576K
}
Event: 20.516 GC heap before
{Heap before GC invocations=262 (full 3):
 PSYoungGen      total 4608K, used 3979K [0x00000000d5580000, 0x00000000d5c80000, 0x0000000100000000)
  eden space 2048K, 95% used [0x00000000d5580000,0x00000000d5768858,0x00000000d5780000)
  from space 2560K, 79% used [0x00000000d5a00000,0x00000000d5bfa3d0,0x00000000d5c80000)
  to   space 2560K, 0% used [0x00000000d5780000,0x00000000d5780000,0x00000000d5a00000)
 ParOldGen       total 329728K, used 329363K [0x0000000080000000, 0x0000000094200000, 0x00000000d5580000)
  object space 329728K, 99% used [0x0000000080000000,0x00000000941a4e50,0x0000000094200000)
 Metaspace       used 61603K, committed 62976K, reserved 1114112K
  class space    used 6645K, committed 7232K, reserved 1048576K
}
Event: 20.519 GC heap after
{Heap after GC invocations=262 (full 3):
 PSYoungGen      total 4096K, used 1963K [0x00000000d5580000, 0x00000000d5b80000, 0x0000000100000000)
  eden space 2048K, 0% used [0x00000000d5580000,0x00000000d5580000,0x00000000d5780000)
  from space 2048K, 95% used [0x00000000d5780000,0x00000000d596afd0,0x00000000d5980000)
  to   space 2048K, 0% used [0x00000000d5980000,0x00000000d5980000,0x00000000d5b80000)
 ParOldGen       total 331776K, used 331400K [0x0000000080000000, 0x0000000094400000, 0x00000000d5580000)
  object space 331776K, 99% used [0x0000000080000000,0x00000000943a2090,0x0000000094400000)
 Metaspace       used 61603K, committed 62976K, reserved 1114112K
  class space    used 6645K, committed 7232K, reserved 1048576K
}
Event: 20.533 GC heap before
{Heap before GC invocations=263 (full 3):
 PSYoungGen      total 4096K, used 3708K [0x00000000d5580000, 0x00000000d5b80000, 0x0000000100000000)
  eden space 2048K, 85% used [0x00000000d5580000,0x00000000d5734220,0x00000000d5780000)
  from space 2048K, 95% used [0x00000000d5780000,0x00000000d596afd0,0x00000000d5980000)
  to   space 2048K, 0% used [0x00000000d5980000,0x00000000d5980000,0x00000000d5b80000)
 ParOldGen       total 331776K, used 331400K [0x0000000080000000, 0x0000000094400000, 0x00000000d5580000)
  object space 331776K, 99% used [0x0000000080000000,0x00000000943a2090,0x0000000094400000)
 Metaspace       used 61603K, committed 62976K, reserved 1114112K
  class space    used 6645K, committed 7232K, reserved 1048576K
}
Event: 20.535 GC heap after
{Heap after GC invocations=263 (full 3):
 PSYoungGen      total 4096K, used 1779K [0x00000000d5580000, 0x00000000d5b80000, 0x0000000100000000)
  eden space 2048K, 0% used [0x00000000d5580000,0x00000000d5580000,0x00000000d5780000)
  from space 2048K, 86% used [0x00000000d5980000,0x00000000d5b3cf70,0x00000000d5b80000)
  to   space 2048K, 0% used [0x00000000d5780000,0x00000000d5780000,0x00000000d5980000)
 ParOldGen       total 333824K, used 333332K [0x0000000080000000, 0x0000000094600000, 0x00000000d5580000)
  object space 333824K, 99% used [0x0000000080000000,0x0000000094585028,0x0000000094600000)
 Metaspace       used 61603K, committed 62976K, reserved 1114112K
  class space    used 6645K, committed 7232K, reserved 1048576K
}
Event: 20.555 GC heap before
{Heap before GC invocations=264 (full 3):
 PSYoungGen      total 4096K, used 3827K [0x00000000d5580000, 0x00000000d5b80000, 0x0000000100000000)
  eden space 2048K, 100% used [0x00000000d5580000,0x00000000d5780000,0x00000000d5780000)
  from space 2048K, 86% used [0x00000000d5980000,0x00000000d5b3cf70,0x00000000d5b80000)
  to   space 2048K, 0% used [0x00000000d5780000,0x00000000d5780000,0x00000000d5980000)
 ParOldGen       total 333824K, used 333332K [0x0000000080000000, 0x0000000094600000, 0x00000000d5580000)
  object space 333824K, 99% used [0x0000000080000000,0x0000000094585028,0x0000000094600000)
 Metaspace       used 61603K, committed 62976K, reserved 1114112K
  class space    used 6645K, committed 7232K, reserved 1048576K
}
Event: 20.558 GC heap after
{Heap after GC invocations=264 (full 3):
 PSYoungGen      total 4096K, used 2047K [0x00000000d5580000, 0x00000000d6080000, 0x0000000100000000)
  eden space 2048K, 0% used [0x00000000d5580000,0x00000000d5580000,0x00000000d5780000)
  from space 2048K, 99% used [0x00000000d5780000,0x00000000d597ffd0,0x00000000d5980000)
  to   space 4608K, 0% used [0x00000000d5c00000,0x00000000d5c00000,0x00000000d6080000)
 ParOldGen       total 335360K, used 335073K [0x0000000080000000, 0x0000000094780000, 0x00000000d5580000)
  object space 335360K, 99% used [0x0000000080000000,0x00000000947384a8,0x0000000094780000)
 Metaspace       used 61603K, committed 62976K, reserved 1114112K
  class space    used 6645K, committed 7232K, reserved 1048576K
}
Event: 20.581 GC heap before
{Heap before GC invocations=265 (full 3):
 PSYoungGen      total 4096K, used 4095K [0x00000000d5580000, 0x00000000d6080000, 0x0000000100000000)
  eden space 2048K, 100% used [0x00000000d5580000,0x00000000d5780000,0x00000000d5780000)
  from space 2048K, 99% used [0x00000000d5780000,0x00000000d597ffd0,0x00000000d5980000)
  to   space 4608K, 0% used [0x00000000d5c00000,0x00000000d5c00000,0x00000000d6080000)
 ParOldGen       total 335360K, used 335073K [0x0000000080000000, 0x0000000094780000, 0x00000000d5580000)
  object space 335360K, 99% used [0x0000000080000000,0x00000000947384a8,0x0000000094780000)
 Metaspace       used 61603K, committed 62976K, reserved 1114112K
  class space    used 6645K, committed 7232K, reserved 1048576K
}

